<?xml version="1.0" encoding="UTF-8"?>
<!-- Generated by org.testng.reporters.JUnitReportReporter -->
<testsuite hostname="zhangfang" name="com.xinwei.taskmanager.test.TestCI" tests="2" failures="0" timestamp="19 Oct 2016 01:30:00 GMT" time="0.010" errors="0">
  <testcase name="TestCI" time="0.006" classname="com.xinwei.taskmanager.test.TestCI"/>
  <testcase name="TestCI2" time="0.004" classname="com.xinwei.taskmanager.test.TestCI"/>
</testsuite> <!-- com.xinwei.taskmanager.test.TestCI -->
